Using pre-set license
Built from '2020.3/release' branch; Version is '2020.3.12f1 (b3b2c6512326) revision 11776710'; Using compiler version '192528614'; Build Type 'Release'
OS: 'Windows 10 Pro; OS build 19042.1110; Version 2009; 64bit' Language: 'ko' Physical Memory: 16201 MB
BatchMode: 1, IsHumanControllingUs: 0, StartBugReporterOnCrash: 0, Is64bit: 1, IsPro: 0

 COMMAND LINE ARGUMENTS:
C:\Program Files\2020.3.12f1\Editor\Unity.exe
-adb2
-batchMode
-noUpm
-name
AssetImportWorker0
-projectPath
C:/Users/PNU/Documents/A2/A2_AR_0720
-logFile
Logs/AssetImportWorker0.log
-srvPort
64989
Successfully changed project path to: C:/Users/PNU/Documents/A2/A2_AR_0720
C:/Users/PNU/Documents/A2/A2_AR_0720
Using Asset Import Pipeline V2.
Refreshing native plugins compatible for Editor in 48.46 ms, found 2 plugins.
Preloading 0 native plugins for Editor in 0.00 ms.
Initialize engine version: 2020.3.12f1 (b3b2c6512326)
[Subsystems] Discovering subsystems at path C:/Program Files/2020.3.12f1/Editor/Data/Resources/UnitySubsystems
[Subsystems] Discovering subsystems at path C:/Users/PNU/Documents/A2/A2_AR_0720/Assets
GfxDevice: creating device client; threaded=0
Direct3D:
    Version:  Direct3D 11.0 [level 11.1]
    Renderer: NVIDIA GeForce RTX 2060 (ID=0x1f15)
    Vendor:   
    VRAM:     5980 MB
    Driver:   27.21.14.6089
Initialize mono
Mono path[0] = 'C:/Program Files/2020.3.12f1/Editor/Data/Managed'
Mono path[1] = 'C:/Program Files/2020.3.12f1/Editor/Data/MonoBleedingEdge/lib/mono/unityjit'
Mono config path = 'C:/Program Files/2020.3.12f1/Editor/Data/MonoBleedingEdge/etc'
Using monoOptions --debugger-agent=transport=dt_socket,embedding=1,server=y,suspend=n,address=127.0.0.1:56328
Begin MonoManager ReloadAssembly
Registering precompiled unity dll's ...
Register platform support module: C:/Program Files/2020.3.12f1/Editor/Data/PlaybackEngines/WindowsStandaloneSupport/UnityEditor.WindowsStandalone.Extensions.dll
Registered in 0.001436 seconds.
Native extension for WindowsStandalone target not found
Refreshing native plugins compatible for Editor in 48.49 ms, found 2 plugins.
Preloading 0 native plugins for Editor in 0.00 ms.
Mono: successfully reloaded assembly
- Completed reload, in  1.327 seconds
Platform modules already initialized, skipping
Registering precompiled user dll's ...
Registered in 0.003857 seconds.
Begin MonoManager ReloadAssembly
Native extension for WindowsStandalone target not found
Refreshing native plugins compatible for Editor in 0.49 ms, found 2 plugins.
Preloading 0 native plugins for Editor in 0.00 ms.
Mono: successfully reloaded assembly
- Completed reload, in  0.870 seconds
Platform modules already initialized, skipping
========================================================================
Worker process is ready to serve import requests
Launched and connected shader compiler UnityShaderCompiler.exe after 0.03 seconds
Refreshing native plugins compatible for Editor in 0.49 ms, found 2 plugins.
Preloading 0 native plugins for Editor in 0.00 ms.
Unloading 1894 Unused Serialized files (Serialized files now loaded: 0)
System memory in use before: 92.2 MB.
System memory in use after: 92.2 MB.

Unloading 30 unused Assets to reduce memory usage. Loaded Objects now: 2337.
Total: 1.702300 ms (FindLiveObjects: 0.156400 ms CreateObjectMapping: 0.060900 ms MarkObjects: 1.407300 ms  DeleteObjects: 0.077100 ms)

AssetImportParameters requested are different than current active one (requested -> active):
  custom:framework-win-MediaFoundation: 216162199b28c13a410421893ffa2e32 -> 
  custom:video-decoder-ogg-theora: a1e56fd34408186e4bbccfd4996cb3dc -> 
  custom:container-muxer-webm: aa71ff27fc2769a1b78a27578f13a17b -> 
  custom:container-demuxer-webm: 4f35f7cbe854078d1ac9338744f61a02 -> 
  custom:container-demuxer-ogg: 62fdf1f143b41e24485cea50d1cbac27 -> 
  custom:video-encoder-webm-vp8: eb34c28f22e8b96e1ab97ce403110664 -> 
  custom:video-decoder-webm-vp8: 9c59270c3fd7afecdb556c50c9e8de78 -> 
  custom:audio-decoder-ogg-vorbis: bf7c407c2cedff20999df2af8eb42d56 -> 
  custom:audio-encoder-webm-vorbis: bf7c407c2cedff20999df2af8eb42d56 -> 
========================================================================
Received Import Request.
  path: Assets/Scenes/CharacterControl/AR Plane 1.prefab
  artifactKey: Guid(538ca5c2dbf19c1448b42ae377e37acf) Importer(815301076,1909f56bfc062723c751e8b465ee728b)
Start importing Assets/Scenes/CharacterControl/AR Plane 1.prefab using Guid(538ca5c2dbf19c1448b42ae377e37acf) Importer(815301076,1909f56bfc062723c751e8b465ee728b)  -> (artifact id: '3f66cc25c02af9141be100fc2fb491cf') in 0.032808 seconds 
  Import took 0.035278 seconds .

========================================================================
Received Import Request.
  Time since last request: 23.998804 seconds.
  path: Assets/Scenes/CharacterControl/CharacterAR Plane.prefab
  artifactKey: Guid(538ca5c2dbf19c1448b42ae377e37acf) Importer(815301076,1909f56bfc062723c751e8b465ee728b)
Start importing Assets/Scenes/CharacterControl/CharacterAR Plane.prefab using Guid(538ca5c2dbf19c1448b42ae377e37acf) Importer(815301076,1909f56bfc062723c751e8b465ee728b)  -> (artifact id: '9b0258e522135d3f8e83a87aafad044f') in 0.007378 seconds 
  Import took 0.010188 seconds .

========================================================================
Received Import Request.
  Time since last request: 1.596574 seconds.
  path: Assets/Scenes/CharacterControl/CharacterControl.unity
  artifactKey: Guid(6db655646b18e6345b9a14d59b27915a) Importer(815301076,1909f56bfc062723c751e8b465ee728b)
Start importing Assets/Scenes/CharacterControl/CharacterControl.unity using Guid(6db655646b18e6345b9a14d59b27915a) Importer(815301076,1909f56bfc062723c751e8b465ee728b)  -> (artifact id: '0732782b08b83ffae777b6d9c19d9b65') in 0.007724 seconds 
  Import took 0.010926 seconds .

========================================================================
Received Prepare
Refreshing native plugins compatible for Editor in 4.06 ms, found 2 plugins.
Preloading 0 native plugins for Editor in 0.00 ms.
Unloading 22 Unused Serialized files (Serialized files now loaded: 0)
System memory in use before: 53.0 MB.
System memory in use after: 53.1 MB.

Unloading 21 unused Assets to reduce memory usage. Loaded Objects now: 2338.
Total: 2.399100 ms (FindLiveObjects: 0.207000 ms CreateObjectMapping: 0.063900 ms MarkObjects: 2.062600 ms  DeleteObjects: 0.064900 ms)

AssetImportParameters requested are different than current active one (requested -> active):
  custom:framework-win-MediaFoundation: 216162199b28c13a410421893ffa2e32 -> 
  custom:video-decoder-ogg-theora: a1e56fd34408186e4bbccfd4996cb3dc -> 
  custom:container-muxer-webm: aa71ff27fc2769a1b78a27578f13a17b -> 
  custom:container-demuxer-webm: 4f35f7cbe854078d1ac9338744f61a02 -> 
  custom:container-demuxer-ogg: 62fdf1f143b41e24485cea50d1cbac27 -> 
  custom:video-encoder-webm-vp8: eb34c28f22e8b96e1ab97ce403110664 -> 
  custom:video-decoder-webm-vp8: 9c59270c3fd7afecdb556c50c9e8de78 -> 
  custom:audio-decoder-ogg-vorbis: bf7c407c2cedff20999df2af8eb42d56 -> 
  custom:audio-encoder-webm-vorbis: bf7c407c2cedff20999df2af8eb42d56 -> 
========================================================================
Received Import Request.
  Time since last request: 75.970717 seconds.
  path: Assets/Scenes/CharacterControl/CharacterAR Plane.prefab
  artifactKey: Guid(538ca5c2dbf19c1448b42ae377e37acf) Importer(815301076,1909f56bfc062723c751e8b465ee728b)
Start importing Assets/Scenes/CharacterControl/CharacterAR Plane.prefab using Guid(538ca5c2dbf19c1448b42ae377e37acf) Importer(815301076,1909f56bfc062723c751e8b465ee728b)  -> (artifact id: '2f3fed15bf76cd0b20c75c55c0e4267e') in 0.075831 seconds 
  Import took 0.078834 seconds .

========================================================================
Received Prepare
Refreshing native plugins compatible for Editor in 3.91 ms, found 2 plugins.
Preloading 0 native plugins for Editor in 0.00 ms.
Unloading 21 Unused Serialized files (Serialized files now loaded: 0)
System memory in use before: 56.2 MB.
System memory in use after: 56.3 MB.

Unloading 22 unused Assets to reduce memory usage. Loaded Objects now: 2346.
Total: 3.528500 ms (FindLiveObjects: 0.304100 ms CreateObjectMapping: 0.367100 ms MarkObjects: 2.792700 ms  DeleteObjects: 0.063400 ms)

AssetImportParameters requested are different than current active one (requested -> active):
  custom:framework-win-MediaFoundation: 216162199b28c13a410421893ffa2e32 -> 
  custom:video-decoder-ogg-theora: a1e56fd34408186e4bbccfd4996cb3dc -> 
  custom:container-muxer-webm: aa71ff27fc2769a1b78a27578f13a17b -> 
  custom:container-demuxer-webm: 4f35f7cbe854078d1ac9338744f61a02 -> 
  custom:container-demuxer-ogg: 62fdf1f143b41e24485cea50d1cbac27 -> 
  custom:video-encoder-webm-vp8: eb34c28f22e8b96e1ab97ce403110664 -> 
  custom:video-decoder-webm-vp8: 9c59270c3fd7afecdb556c50c9e8de78 -> 
  custom:audio-decoder-ogg-vorbis: bf7c407c2cedff20999df2af8eb42d56 -> 
  custom:audio-encoder-webm-vorbis: bf7c407c2cedff20999df2af8eb42d56 -> 
========================================================================
Received Import Request.
  Time since last request: 480.232029 seconds.
  path: Assets/Scenes/CharacterControl/CharacterAR Plane.prefab
  artifactKey: Guid(538ca5c2dbf19c1448b42ae377e37acf) Importer(815301076,1909f56bfc062723c751e8b465ee728b)
Start importing Assets/Scenes/CharacterControl/CharacterAR Plane.prefab using Guid(538ca5c2dbf19c1448b42ae377e37acf) Importer(815301076,1909f56bfc062723c751e8b465ee728b)  -> (artifact id: 'e723156618159aeaa68c79fd3b1c9e1a') in 0.012023 seconds 
  Import took 0.016177 seconds .

========================================================================
Received Import Request.
  Time since last request: 0.008858 seconds.
  path: Assets/Scenes/CharacterControl/CharacterAR Plane.prefab
  artifactKey: Guid(538ca5c2dbf19c1448b42ae377e37acf) Importer(815301076,1909f56bfc062723c751e8b465ee728b)
Start importing Assets/Scenes/CharacterControl/CharacterAR Plane.prefab using Guid(538ca5c2dbf19c1448b42ae377e37acf) Importer(815301076,1909f56bfc062723c751e8b465ee728b)  -> (artifact id: 'e723156618159aeaa68c79fd3b1c9e1a') in 0.008677 seconds 
  Import took 0.012104 seconds .

AssetImportWorkerClient::OnTransportError - code=2 error=End of file
